TN:
SF:client/index.mjs
FN:8,(anonymous_0)
FN:21,(anonymous_1)
FN:25,(anonymous_2)
FN:42,(anonymous_3)
FNF:4
FNH:4
FNDA:9,(anonymous_0)
FNDA:3,(anonymous_1)
FNDA:2,(anonymous_2)
FNDA:9,(anonymous_3)
DA:8,3
DA:9,9
DA:10,1
DA:12,8
DA:13,8
DA:21,3
DA:22,3
DA:26,2
DA:42,3
DA:43,9
DA:44,9
DA:47,9
LF:12
LH:12
BRDA:9,0,0,1
BRDA:9,0,1,8
BRDA:9,1,0,9
BRDA:9,1,1,9
BRDA:9,1,2,8
BRDA:9,1,3,8
BRDA:12,2,0,1
BRDA:12,2,1,7
BRDA:22,3,0,2
BRDA:22,3,1,1
BRDA:24,4,0,1
BRDA:33,5,0,1
BRDA:33,5,1,1
BRDA:33,6,0,2
BRDA:33,6,1,1
BRF:15
BRH:15
end_of_record
TN:
SF:jsx/fragment.mjs
FN:1,(anonymous_0)
FNF:1
FNH:1
FNDA:1,(anonymous_0)
DA:1,2
LF:1
LH:1
BRF:0
BRH:0
end_of_record
TN:
SF:jsx/jsx.mjs
FN:5,(anonymous_0)
FN:15,(anonymous_1)
FN:25,(anonymous_2)
FN:34,(anonymous_3)
FNF:4
FNH:4
FNDA:10,(anonymous_0)
FNDA:1,(anonymous_1)
FNDA:4,(anonymous_2)
FNDA:1,(anonymous_3)
DA:5,2
DA:6,10
DA:7,6
DA:10,6
DA:13,5
DA:14,8
DA:15,1
DA:16,1
DA:19,7
DA:20,1
DA:21,1
DA:24,6
DA:25,4
DA:26,2
DA:29,4
DA:32,5
DA:33,3
DA:34,1
DA:36,2
DA:40,5
DA:41,5
DA:44,4
LF:22
LH:22
BRDA:6,0,0,6
BRDA:6,0,1,4
BRDA:10,1,0,1
BRDA:10,1,1,5
BRDA:14,2,0,1
BRDA:14,2,1,7
BRDA:14,3,0,8
BRDA:14,3,1,2
BRDA:19,4,0,1
BRDA:19,4,1,6
BRDA:19,5,0,7
BRDA:19,5,1,1
BRDA:24,6,0,2
BRDA:24,6,1,4
BRDA:24,7,0,6
BRDA:24,7,1,2
BRDA:32,8,0,3
BRDA:33,9,0,1
BRDA:33,9,1,2
BRDA:40,10,0,1
BRDA:40,10,1,4
BRDA:44,11,0,4
BRF:22
BRH:22
end_of_record
TN:
SF:meta/Head.mjs
FN:15,(anonymous_0)
FN:22,(anonymous_1)
FN:26,(anonymous_2)
FN:35,(anonymous_3)
FN:42,(anonymous_4)
FN:51,(anonymous_5)
FN:55,(anonymous_6)
FN:65,(anonymous_7)
FN:76,(anonymous_8)
FN:77,(anonymous_9)
FNF:10
FNH:10
FNDA:2,(anonymous_0)
FNDA:2,(anonymous_1)
FNDA:9,(anonymous_2)
FNDA:13,(anonymous_3)
FNDA:2,(anonymous_4)
FNDA:2,(anonymous_5)
FNDA:1,(anonymous_6)
FNDA:16,(anonymous_7)
FNDA:2,(anonymous_8)
FNDA:3,(anonymous_9)
DA:15,2
DA:22,2
DA:23,2
DA:26,1
DA:27,9
DA:28,1
DA:30,9
DA:34,1
DA:35,13
DA:42,2
DA:43,2
DA:44,2
DA:51,2
DA:52,2
DA:54,2
DA:55,2
DA:56,1
DA:65,2
DA:66,16
DA:67,15
DA:68,15
DA:69,15
DA:76,2
DA:77,2
DA:78,3
DA:79,3
LF:26
LH:26
BRDA:23,0,0,1
BRDA:23,0,1,1
BRDA:27,1,0,1
BRDA:27,1,1,8
BRDA:54,2,0,2
BRDA:54,3,0,2
BRDA:54,3,1,2
BRDA:66,4,0,1
BRDA:66,4,1,15
BRF:9
BRH:9
end_of_record
TN:
SF:meta/helpers.mjs
FN:4,(anonymous_0)
FN:20,(anonymous_1)
FN:43,(anonymous_2)
FNF:3
FNH:3
FNDA:7,(anonymous_0)
FNDA:13,(anonymous_1)
FNDA:16,(anonymous_2)
DA:4,2
DA:6,7
DA:7,7
DA:10,7
DA:11,5
DA:12,5
DA:13,5
DA:16,7
DA:20,2
DA:21,13
DA:34,13
DA:35,101
DA:37,101
DA:39,4
DA:43,2
DA:44,16
DA:48,16
LF:17
LH:17
BRDA:12,0,0,5
BRDA:35,1,0,50
BRDA:35,1,1,51
BRDA:37,2,0,9
BRDA:37,2,1,92
BRDA:44,3,0,7
BRDA:44,3,1,9
BRDA:49,4,0,13
BRDA:49,4,1,3
BRF:9
BRH:9
end_of_record
TN:
SF:meta/tags.mjs
FN:11,(anonymous_0)
FN:21,(anonymous_1)
FN:31,(anonymous_2)
FN:41,(anonymous_3)
FN:53,(anonymous_4)
FNF:5
FNH:5
FNDA:3,(anonymous_0)
FNDA:2,(anonymous_1)
FNDA:2,(anonymous_2)
FNDA:4,(anonymous_3)
FNDA:4,(anonymous_4)
DA:11,2
DA:12,3
DA:13,3
DA:14,3
DA:21,2
DA:22,2
DA:23,2
DA:24,2
DA:31,2
DA:32,2
DA:33,2
DA:34,2
DA:41,2
DA:42,4
DA:45,4
DA:46,4
DA:53,2
DA:54,4
DA:55,4
DA:56,4
LF:20
LH:20
BRF:0
BRH:0
end_of_record
TN:
SF:router/a.mjs
FN:12,(anonymous_0)
FN:19,(anonymous_1)
FN:28,(anonymous_2)
FN:41,(anonymous_3)
FNF:4
FNH:4
FNDA:2,(anonymous_0)
FNDA:12,(anonymous_1)
FNDA:2,(anonymous_2)
FNDA:1,(anonymous_3)
DA:12,4
DA:13,2
DA:14,2
DA:19,2
DA:20,12
DA:21,1
DA:25,2
DA:27,2
DA:28,2
DA:29,2
DA:33,2
DA:34,2
DA:35,2
DA:38,2
DA:41,2
DA:42,1
DA:45,1
DA:46,1
DA:50,2
LF:19
LH:19
BRDA:20,0,0,1
BRDA:20,0,1,11
BRDA:27,1,0,2
BRDA:45,2,0,1
BRF:4
BRH:4
end_of_record
TN:
SF:router/cache.mjs
FN:9,(anonymous_0)
FN:12,(anonymous_1)
FNF:2
FNH:2
FNDA:7,(anonymous_0)
FNDA:7,(anonymous_1)
DA:6,4
DA:9,7
DA:12,4
DA:13,7
LF:4
LH:4
BRF:0
BRH:0
end_of_record
TN:
SF:router/helpers.mjs
FN:16,(anonymous_0)
FN:27,(anonymous_1)
FN:28,(anonymous_2)
FN:52,(anonymous_3)
FN:68,(anonymous_4)
FN:90,(anonymous_5)
FN:120,(anonymous_6)
FNF:7
FNH:7
FNDA:14,(anonymous_0)
FNDA:23,(anonymous_1)
FNDA:23,(anonymous_2)
FNDA:8,(anonymous_3)
FNDA:5,(anonymous_4)
FNDA:3,(anonymous_5)
FNDA:33,(anonymous_6)
DA:16,4
DA:17,14
DA:27,4
DA:28,23
DA:29,23
DA:39,23
DA:44,23
DA:52,4
DA:54,8
DA:55,4
DA:59,4
DA:68,4
DA:71,5
DA:72,5
DA:73,5
DA:74,5
DA:90,4
DA:91,3
DA:94,3
DA:96,3
DA:97,3
DA:100,3
DA:101,1
DA:103,2
DA:107,3
DA:120,4
DA:121,33
DA:122,33
DA:123,33
DA:125,33
DA:127,14
DA:128,36
DA:129,36
DA:131,36
DA:132,8
DA:133,28
DA:134,6
DA:138,8
LF:38
LH:38
BRDA:29,0,0,3
BRDA:29,0,1,20
BRDA:31,1,0,2
BRDA:31,1,1,18
BRDA:32,2,0,2
BRDA:32,2,1,1
BRDA:33,3,0,14
BRDA:33,3,1,4
BRDA:33,4,0,18
BRDA:33,4,1,18
BRDA:35,5,0,1
BRDA:35,5,1,3
BRDA:40,6,0,23
BRDA:54,7,0,4
BRDA:54,7,1,4
BRDA:72,8,0,4
BRDA:72,8,1,1
BRDA:73,9,0,4
BRDA:73,9,1,1
BRDA:90,10,0,2
BRDA:91,11,0,2
BRDA:94,12,0,3
BRDA:100,13,0,1
BRDA:100,13,1,2
BRDA:125,14,0,19
BRDA:125,14,1,14
BRDA:131,15,0,8
BRDA:131,15,1,28
BRDA:133,16,0,6
BRDA:133,16,1,22
BRF:30
BRH:30
end_of_record
TN:
SF:router/lazy.mjs
FN:13,(anonymous_0)
FN:15,(anonymous_1)
FN:31,(anonymous_2)
FN:34,(anonymous_3)
FN:46,(anonymous_4)
FN:54,(anonymous_5)
FNF:6
FNH:6
FNDA:8,(anonymous_0)
FNDA:3,(anonymous_1)
FNDA:4,(anonymous_2)
FNDA:11,(anonymous_3)
FNDA:4,(anonymous_4)
FNDA:11,(anonymous_5)
DA:13,4
DA:14,8
DA:15,4
DA:16,3
DA:21,3
DA:22,3
DA:23,3
DA:25,3
DA:26,3
DA:30,4
DA:31,4
DA:32,4
DA:34,4
DA:35,11
DA:37,4
DA:45,4
DA:46,4
DA:47,4
DA:48,4
DA:49,4
DA:50,4
DA:54,4
DA:55,11
DA:56,11
DA:58,4
DA:59,4
LF:26
LH:26
BRDA:14,0,0,4
BRDA:14,0,1,4
BRDA:22,1,0,3
BRDA:22,1,1,1
BRDA:35,2,0,7
BRDA:35,2,1,4
BRDA:47,3,0,4
BRDA:47,3,1,2
BRF:8
BRH:8
end_of_record
TN:
SF:router/router.mjs
FN:7,(anonymous_0)
FN:11,(anonymous_1)
FN:19,(anonymous_2)
FNF:3
FNH:3
FNDA:12,(anonymous_0)
FNDA:12,(anonymous_1)
FNDA:3,(anonymous_2)
DA:7,4
DA:8,12
DA:11,12
DA:12,12
DA:14,12
DA:16,11
DA:18,11
DA:19,3
DA:20,3
DA:21,3
DA:22,3
DA:23,3
DA:24,3
DA:33,3
DA:36,8
DA:39,8
DA:42,12
LF:17
LH:17
BRDA:14,0,0,1
BRDA:16,1,0,11
BRDA:16,1,1,3
BRDA:18,2,0,3
BRDA:18,2,1,8
BRF:5
BRH:5
end_of_record
TN:
SF:router/routes.mjs
FN:14,(anonymous_0)
FN:19,(anonymous_1)
FN:38,(anonymous_2)
FN:39,(anonymous_3)
FN:50,(anonymous_4)
FNF:5
FNH:5
FNDA:8,(anonymous_0)
FNDA:3,(anonymous_1)
FNDA:18,(anonymous_2)
FNDA:55,(anonymous_3)
FNDA:6,(anonymous_4)
DA:9,4
DA:14,4
DA:15,8
DA:18,8
DA:19,4
DA:20,3
DA:25,4
DA:26,4
DA:30,4
DA:38,4
DA:39,55
DA:40,18
DA:42,13
DA:43,44
DA:44,33
DA:45,33
DA:46,8
DA:50,6
LF:18
LH:18
BRDA:18,0,0,4
BRDA:18,0,1,4
BRDA:40,1,0,5
BRDA:40,1,1,13
BRDA:43,2,0,11
BRDA:43,2,1,33
BRDA:45,3,0,8
BRDA:45,3,1,25
BRDA:50,4,0,5
BRDA:50,4,1,2
BRF:10
BRH:10
end_of_record
TN:
SF:router/state.mjs
FN:20,(anonymous_0)
FNF:1
FNH:1
FNDA:9,(anonymous_0)
DA:5,4
DA:6,4
DA:11,4
DA:20,4
DA:21,9
DA:23,9
DA:24,9
DA:27,9
LF:8
LH:8
BRDA:5,0,0,2
BRDA:5,0,1,2
BRDA:6,1,0,2
BRDA:6,1,1,2
BRDA:20,2,0,6
BRDA:25,3,0,9
BRDA:25,3,1,7
BRDA:25,3,2,6
BRDA:27,4,0,9
BRDA:27,4,1,6
BRF:10
BRH:10
end_of_record
TN:
SF:server/index.mjs
FN:6,(anonymous_0)
FN:45,renderPreloadLink
FN:72,renderPreloadLinks
FN:75,(anonymous_3)
FN:79,(anonymous_4)
FNF:5
FNH:5
FNDA:23,(anonymous_0)
FNDA:13,renderPreloadLink
FNDA:2,renderPreloadLinks
FNDA:13,(anonymous_3)
FNDA:13,(anonymous_4)
DA:6,2
DA:7,23
DA:10,23
DA:11,1
DA:13,22
DA:14,1
DA:16,21
DA:17,1
DA:19,20
DA:20,11
DA:22,9
DA:23,4
DA:26,5
DA:27,4
DA:28,4
DA:29,10
DA:31,4
DA:37,1
DA:38,1
DA:46,13
DA:47,4
DA:48,9
DA:49,1
DA:50,8
DA:51,1
DA:52,7
DA:53,1
DA:54,6
DA:55,1
DA:56,5
DA:57,2
DA:58,3
DA:59,1
DA:60,2
DA:61,1
DA:64,1
DA:65,1
DA:73,2
DA:74,2
DA:75,2
DA:76,13
DA:78,13
DA:79,13
DA:81,13
DA:82,13
DA:83,13
DA:91,13
DA:96,2
LF:48
LH:48
BRDA:7,0,0,1
BRDA:7,0,1,22
BRDA:10,1,0,1
BRDA:10,1,1,22
BRDA:13,2,0,1
BRDA:13,2,1,21
BRDA:16,3,0,1
BRDA:16,3,1,20
BRDA:19,4,0,11
BRDA:19,4,1,9
BRDA:19,5,0,20
BRDA:19,5,1,20
BRDA:22,6,0,4
BRDA:22,6,1,5
BRDA:26,7,0,4
BRDA:46,8,0,4
BRDA:46,8,1,9
BRDA:46,9,0,13
BRDA:46,9,1,9
BRDA:48,10,0,1
BRDA:48,10,1,8
BRDA:50,11,0,1
BRDA:50,11,1,7
BRDA:52,12,0,1
BRDA:52,12,1,6
BRDA:54,13,0,1
BRDA:54,13,1,5
BRDA:56,14,0,2
BRDA:56,14,1,3
BRDA:56,15,0,5
BRDA:56,15,1,4
BRDA:58,16,0,1
BRDA:58,16,1,2
BRDA:60,17,0,1
BRDA:60,17,1,1
BRDA:78,18,0,13
BRDA:81,19,0,13
BRF:37
BRH:37
end_of_record
TN:
SF:setup/index.mjs
FN:11,(anonymous_0)
FN:14,(anonymous_1)
FNF:2
FNH:2
FNDA:12,(anonymous_0)
FNDA:10,(anonymous_1)
DA:6,4
DA:7,4
DA:9,4
DA:12,12
DA:15,10
DA:19,4
LF:6
LH:6
BRDA:12,0,0,6
BRDA:12,0,1,6
BRDA:15,1,0,5
BRDA:15,1,1,5
BRF:4
BRH:4
end_of_record
TN:
SF:setup/vanX.mjs
FNF:0
FNH:0
DA:2,2
DA:13,2
LF:2
LH:2
BRDA:13,0,0,2
BRF:1
BRH:1
end_of_record
TN:
SF:src/index.mjs
FN:7,VitePluginVanJS
FN:11,(anonymous_1)
FN:32,(anonymous_2)
FNF:3
FNH:3
FNDA:1,VitePluginVanJS
FNDA:1,(anonymous_1)
FNDA:1,(anonymous_2)
DA:4,1
DA:5,1
DA:8,1
DA:12,1
DA:33,1
DA:35,1
DA:36,1
DA:37,1
DA:38,1
DA:41,1
DA:58,1
LF:11
LH:11
BRDA:41,0,0,1
BRDA:41,1,0,1
BRDA:41,1,1,1
BRF:3
BRH:3
end_of_record
